빌드 시작: 2015-10-12 오전 3:17:56
     1>2 노드의 "C:\Users\은빈\Google 드라이브\2학년 2학기\윈도우 프로그래밍\시험공부\WinProg_제4장_2\p.210_6\p.210_6.vcxproj" 프로젝트(build 대상)입니다.
     1>InitializeBuildStatus:
         "AlwaysCreate"이(가) 지정되었기 때문에 "Debug\p.210_6.unsuccessfulbuild"을(를) 만들고 있습니다.
       ClCompile:
         모든 출력이 최신 상태입니다.
         모든 출력이 최신 상태입니다.
       ResourceCompile:
         C:\Program Files (x86)\Microsoft SDKs\Windows\v7.0A\bin\rc.exe /D _DEBUG /D _UNICODE /D UNICODE /D _AFXDLL /l"0x0412" /IDebug\ /nologo /fo"Debug\p.210_6.res" p.210_6.rc 
       ManifestResourceCompile:
         모든 출력이 최신 상태입니다.
       Link:
         c:\Program Files (x86)\Microsoft Visual Studio 10.0\VC\bin\link.exe /ERRORREPORT:PROMPT /OUT:"C:\Users\은빈\Google 드라이브\2학년 2학기\윈도우 프로그래밍\시험공부\WinProg_제4장_2\Debug\p.210_6.exe" /INCREMENTAL /NOLOGO /MANIFEST /ManifestFile:"Debug\p.210_6.exe.intermediate.manifest" /MANIFESTUAC:"level='asInvoker' uiAccess='false'" /DEBUG /PDB:"C:\Users\은빈\Google 드라이브\2학년 2학기\윈도우 프로그래밍\시험공부\WinProg_제4장_2\Debug\p.210_6.pdb" /SUBSYSTEM:WINDOWS /TLBID:1 /ENTRY:"wWinMainCRTStartup" /DYNAMICBASE /NXCOMPAT /IMPLIB:"C:\Users\은빈\Google 드라이브\2학년 2학기\윈도우 프로그래밍\시험공부\WinProg_제4장_2\Debug\p.210_6.lib" /MACHINE:X86 Debug\p.210_6.res
         Debug\p.210_6.exe.embed.manifest.res
         Debug\ChildView.obj
         Debug\MainFrm.obj
         Debug\p.210_6.obj
         Debug\stdafx.obj
       Manifest:
         C:\Program Files (x86)\Microsoft SDKs\Windows\v7.0A\bin\mt.exe /nologo /verbose /out:"Debug\p.210_6.exe.embed.manifest" /manifest Debug\p.210_6.exe.intermediate.manifest "c:\Program Files (x86)\Microsoft Visual Studio 10.0\VC\Include\Manifest\dpiaware.manifest"
         모든 출력이 최신 상태입니다.
       LinkEmbedManifest:
         모든 출력이 최신 상태입니다.
         p.210_6.vcxproj -> C:\Users\은빈\Google 드라이브\2학년 2학기\윈도우 프로그래밍\시험공부\WinProg_제4장_2\Debug\p.210_6.exe
       FinalizeBuildStatus:
         "Debug\p.210_6.unsuccessfulbuild" 파일을 삭제하고 있습니다.
         "Debug\p.210_6.lastbuildstate"에 연결(touching)하고 있습니다.
     1>"C:\Users\은빈\Google 드라이브\2학년 2학기\윈도우 프로그래밍\시험공부\WinProg_제4장_2\p.210_6\p.210_6.vcxproj" 프로젝트를 빌드했습니다(build 대상).

빌드했습니다.

경과 시간: 00:00:00.58
