빌드 시작: 2015-10-10 오후 8:15:01
     1>2 노드의 "C:\Users\은빈\Google 드라이브\2학년 2학기\윈도우 프로그래밍\시험공부\WinProg_제2장\p.93\p.93.vcxproj" 프로젝트(build 대상)입니다.
     1>InitializeBuildStatus:
         "AlwaysCreate"이(가) 지정되었기 때문에 "Debug\p.93.unsuccessfulbuild"을(를) 만들고 있습니다.
       ClCompile:
         모든 출력이 최신 상태입니다.
         c:\Program Files (x86)\Microsoft Visual Studio 10.0\VC\bin\CL.exe /c /ZI /nologo /W3 /WX- /Od /Oy- /D WIN32 /D _DEBUG /D _CONSOLE /D _UNICODE /D UNICODE /D _AFXDLL /Gm /EHsc /RTC1 /MDd /GS /fp:precise /Zc:wchar_t /Zc:forScope /Yu"StdAfx.h" /Fp"Debug\p.93.pch" /Fo"Debug\\" /Fd"Debug\vc100.pdb" /Gd /TP /analyze- /errorReport:prompt p.93.cpp
         p.93.cpp
       ResourceCompile:
         모든 출력이 최신 상태입니다.
       ManifestResourceCompile:
         모든 출력이 최신 상태입니다.
       Link:
         c:\Program Files (x86)\Microsoft Visual Studio 10.0\VC\bin\link.exe /ERRORREPORT:PROMPT /OUT:"C:\Users\은빈\Google 드라이브\2학년 2학기\윈도우 프로그래밍\시험공부\WinProg_제2장\Debug\p.93.exe" /INCREMENTAL /NOLOGO /MANIFEST /ManifestFile:"Debug\p.93.exe.intermediate.manifest" /MANIFESTUAC:"level='asInvoker' uiAccess='false'" /DEBUG /PDB:"C:\Users\은빈\Google 드라이브\2학년 2학기\윈도우 프로그래밍\시험공부\WinProg_제2장\Debug\p.93.pdb" /SUBSYSTEM:CONSOLE /TLBID:1 /DYNAMICBASE /NXCOMPAT /IMPLIB:"C:\Users\은빈\Google 드라이브\2학년 2학기\윈도우 프로그래밍\시험공부\WinProg_제2장\Debug\p.93.lib" /MACHINE:X86 Debug\p.93.res
         Debug\p.93.exe.embed.manifest.res
         Debug\p.93.obj
         Debug\stdafx.obj
       Manifest:
         C:\Program Files (x86)\Microsoft SDKs\Windows\v7.0A\bin\mt.exe /nologo /verbose /out:"Debug\p.93.exe.embed.manifest" /manifest Debug\p.93.exe.intermediate.manifest "c:\Program Files (x86)\Microsoft Visual Studio 10.0\VC\Include\Manifest\dpiaware.manifest"
         모든 출력이 최신 상태입니다.
       LinkEmbedManifest:
         모든 출력이 최신 상태입니다.
         p.93.vcxproj -> C:\Users\은빈\Google 드라이브\2학년 2학기\윈도우 프로그래밍\시험공부\WinProg_제2장\Debug\p.93.exe
       FinalizeBuildStatus:
         "Debug\p.93.unsuccessfulbuild" 파일을 삭제하고 있습니다.
         "Debug\p.93.lastbuildstate"에 연결(touching)하고 있습니다.
     1>"C:\Users\은빈\Google 드라이브\2학년 2학기\윈도우 프로그래밍\시험공부\WinProg_제2장\p.93\p.93.vcxproj" 프로젝트를 빌드했습니다(build 대상).

빌드했습니다.

경과 시간: 00:00:00.64
