빌드 시작: 2015-10-06 오후 5:47:58
     1>2 노드의 "C:\Users\은빈\Google 드라이브\2학년 2학기\윈도우 프로그래밍\예제파일\4장 2번 연습문제\ClientDC.vcxproj" 프로젝트(build 대상)입니다.
     1>InitializeBuildStatus:
         "AlwaysCreate"이(가) 지정되었기 때문에 "Debug\ClientDC.unsuccessfulbuild"을(를) 만들고 있습니다.
       ClCompile:
         c:\Program Files (x86)\Microsoft Visual Studio 10.0\VC\bin\CL.exe /c /ZI /nologo /W3 /WX- /Od /Oy- /D WIN32 /D _WINDOWS /D _DEBUG /D _UNICODE /D UNICODE /D _AFXDLL /Gm /EHsc /RTC1 /MDd /GS /fp:precise /Zc:wchar_t /Zc:forScope /Yc"StdAfx.h" /Fp"Debug\ClientDC.pch" /Fo"Debug\\" /Fd"Debug\vc100.pdb" /Gd /TP /analyze- /errorReport:prompt stdafx.cpp
         stdafx.cpp
         c:\Program Files (x86)\Microsoft Visual Studio 10.0\VC\bin\CL.exe /c /ZI /nologo /W3 /WX- /Od /Oy- /D WIN32 /D _WINDOWS /D _DEBUG /D _UNICODE /D UNICODE /D _AFXDLL /Gm /EHsc /RTC1 /MDd /GS /fp:precise /Zc:wchar_t /Zc:forScope /Yu"StdAfx.h" /Fp"Debug\ClientDC.pch" /Fo"Debug\\" /Fd"Debug\vc100.pdb" /Gd /TP /analyze- /errorReport:prompt ChildView.cpp ClientDC.cpp MainFrm.cpp
         MainFrm.cpp
         ClientDC.cpp
         ChildView.cpp
         코드를 생성하고 있습니다...
       ResourceCompile:
         C:\Program Files (x86)\Microsoft SDKs\Windows\v7.0A\bin\rc.exe /D _DEBUG /D _UNICODE /D UNICODE /D _AFXDLL /l"0x0412" /IDebug\ /nologo /fo"Debug\ClientDC.res" ClientDC.rc 
       ManifestResourceCompile:
         C:\Program Files (x86)\Microsoft SDKs\Windows\v7.0A\bin\rc.exe /nologo /fo"Debug\ClientDC.exe.embed.manifest.res" Debug\ClientDC_manifest.rc 
       Link:
         c:\Program Files (x86)\Microsoft Visual Studio 10.0\VC\bin\link.exe /ERRORREPORT:PROMPT /OUT:"C:\Users\은빈\Google 드라이브\2학년 2학기\윈도우 프로그래밍\예제파일\4장 2번 연습문제\Debug\ClientDC.exe" /INCREMENTAL /NOLOGO /MANIFEST /ManifestFile:"Debug\ClientDC.exe.intermediate.manifest" /MANIFESTUAC:"level='asInvoker' uiAccess='false'" /DEBUG /PDB:"C:\Users\은빈\Google 드라이브\2학년 2학기\윈도우 프로그래밍\예제파일\4장 2번 연습문제\Debug\ClientDC.pdb" /SUBSYSTEM:WINDOWS /TLBID:1 /ENTRY:"wWinMainCRTStartup" /DYNAMICBASE /NXCOMPAT /IMPLIB:"C:\Users\은빈\Google 드라이브\2학년 2학기\윈도우 프로그래밍\예제파일\4장 2번 연습문제\Debug\ClientDC.lib" /MACHINE:X86 Debug\ClientDC.res
         Debug\ClientDC.exe.embed.manifest.res
         Debug\ChildView.obj
         Debug\ClientDC.obj
         Debug\MainFrm.obj
         Debug\stdafx.obj
       Manifest:
         C:\Program Files (x86)\Microsoft SDKs\Windows\v7.0A\bin\mt.exe /nologo /verbose /out:"Debug\ClientDC.exe.embed.manifest" /manifest Debug\ClientDC.exe.intermediate.manifest "c:\Program Files (x86)\Microsoft Visual Studio 10.0\VC\Include\Manifest\dpiaware.manifest"
         모든 출력이 최신 상태입니다.
       LinkEmbedManifest:
         모든 출력이 최신 상태입니다.
         ClientDC.vcxproj -> C:\Users\은빈\Google 드라이브\2학년 2학기\윈도우 프로그래밍\예제파일\4장 2번 연습문제\Debug\ClientDC.exe
       FinalizeBuildStatus:
         "Debug\ClientDC.unsuccessfulbuild" 파일을 삭제하고 있습니다.
         "Debug\ClientDC.lastbuildstate"에 연결(touching)하고 있습니다.
     1>"C:\Users\은빈\Google 드라이브\2학년 2학기\윈도우 프로그래밍\예제파일\4장 2번 연습문제\ClientDC.vcxproj" 프로젝트를 빌드했습니다(build 대상).

빌드했습니다.

경과 시간: 00:00:05.89
