빌드 시작: 2015-10-15 오전 1:28:57
     1>2 노드의 "C:\Users\은빈\Google 드라이브\2학년 2학기\윈도우 프로그래밍\교수님이올려주신 예제\Sources_Chapter01\HelloMFC\HelloMFC.vcxproj" 프로젝트(build 대상)입니다.
     1>InitializeBuildStatus:
         "AlwaysCreate"이(가) 지정되었기 때문에 "Debug\HelloMFC.unsuccessfulbuild"을(를) 만들고 있습니다.
       ClCompile:
         c:\Program Files (x86)\Microsoft Visual Studio 10.0\VC\bin\CL.exe /c /ZI /nologo /W3 /WX- /Od /Oy- /D WIN32 /D _DEBUG /D _WINDOWS /D _UNICODE /D UNICODE /D _AFXDLL /Gm /EHsc /RTC1 /MDd /GS /fp:precise /Zc:wchar_t /Zc:forScope /Fo"Debug\\" /Fd"Debug\vc100.pdb" /Gd /TP /analyze- /errorReport:prompt HelloMFC.cpp
         HelloMFC.cpp
         _WIN32_WINNT not defined. Defaulting to _WIN32_WINNT_MAXVER (see WinSDKVer.h)
       ManifestResourceCompile:
         C:\Program Files (x86)\Microsoft SDKs\Windows\v7.0A\bin\rc.exe /nologo /fo"Debug\HelloMFC.exe.embed.manifest.res" Debug\HelloMFC_manifest.rc 
       Link:
         c:\Program Files (x86)\Microsoft Visual Studio 10.0\VC\bin\link.exe /ERRORREPORT:PROMPT /OUT:"C:\Users\은빈\Google 드라이브\2학년 2학기\윈도우 프로그래밍\교수님이올려주신 예제\Sources_Chapter01\HelloMFC\Debug\HelloMFC.exe" /INCREMENTAL /NOLOGO /MANIFEST /ManifestFile:"Debug\HelloMFC.exe.intermediate.manifest" /MANIFESTUAC:"level='asInvoker' uiAccess='false'" /DEBUG /PDB:"C:\Users\은빈\Google 드라이브\2학년 2학기\윈도우 프로그래밍\교수님이올려주신 예제\Sources_Chapter01\HelloMFC\Debug\HelloMFC.pdb" /SUBSYSTEM:WINDOWS /TLBID:1 /ENTRY:"wWinMainCRTStartup" /DYNAMICBASE /NXCOMPAT /IMPLIB:"C:\Users\은빈\Google 드라이브\2학년 2학기\윈도우 프로그래밍\교수님이올려주신 예제\Sources_Chapter01\HelloMFC\Debug\HelloMFC.lib" /MACHINE:X86 Debug\HelloMFC.exe.embed.manifest.res
         Debug\HelloMFC.obj
       Manifest:
         "Debug\HelloMFC.exe.embed.manifest" 파일을 삭제하고 있습니다.
         C:\Program Files (x86)\Microsoft SDKs\Windows\v7.0A\bin\mt.exe /nologo /verbose /out:"Debug\HelloMFC.exe.embed.manifest" /manifest Debug\HelloMFC.exe.intermediate.manifest "c:\Program Files (x86)\Microsoft Visual Studio 10.0\VC\Include\Manifest\dpiaware.manifest"
         C:\Program Files (x86)\Microsoft SDKs\Windows\v7.0A\bin\rc.exe /nologo /fo"Debug\HelloMFC.exe.embed.manifest.res" Debug\HelloMFC_manifest.rc 
       LinkEmbedManifest:
         c:\Program Files (x86)\Microsoft Visual Studio 10.0\VC\bin\link.exe /ERRORREPORT:PROMPT /OUT:"C:\Users\은빈\Google 드라이브\2학년 2학기\윈도우 프로그래밍\교수님이올려주신 예제\Sources_Chapter01\HelloMFC\Debug\HelloMFC.exe" /INCREMENTAL /NOLOGO /MANIFEST /ManifestFile:"Debug\HelloMFC.exe.intermediate.manifest" /MANIFESTUAC:"level='asInvoker' uiAccess='false'" /DEBUG /PDB:"C:\Users\은빈\Google 드라이브\2학년 2학기\윈도우 프로그래밍\교수님이올려주신 예제\Sources_Chapter01\HelloMFC\Debug\HelloMFC.pdb" /SUBSYSTEM:WINDOWS /TLBID:1 /ENTRY:"wWinMainCRTStartup" /DYNAMICBASE /NXCOMPAT /IMPLIB:"C:\Users\은빈\Google 드라이브\2학년 2학기\윈도우 프로그래밍\교수님이올려주신 예제\Sources_Chapter01\HelloMFC\Debug\HelloMFC.lib" /MACHINE:X86 Debug\HelloMFC.exe.embed.manifest.res
         Debug\HelloMFC.obj
         HelloMFC.vcxproj -> C:\Users\은빈\Google 드라이브\2학년 2학기\윈도우 프로그래밍\교수님이올려주신 예제\Sources_Chapter01\HelloMFC\Debug\HelloMFC.exe
       FinalizeBuildStatus:
         "Debug\HelloMFC.unsuccessfulbuild" 파일을 삭제하고 있습니다.
         "Debug\HelloMFC.lastbuildstate"에 연결(touching)하고 있습니다.
     1>"C:\Users\은빈\Google 드라이브\2학년 2학기\윈도우 프로그래밍\교수님이올려주신 예제\Sources_Chapter01\HelloMFC\HelloMFC.vcxproj" 프로젝트를 빌드했습니다(build 대상).

빌드했습니다.

경과 시간: 00:00:02.95
