빌드 시작: 2015-10-11 오후 4:32:00
     1>2 노드의 "C:\Users\은빈\Google 드라이브\2학년 2학기\윈도우 프로그래밍\시험공부\WinProg_제1장\(심화)p.65_4\(심화)p.65_4.vcxproj" 프로젝트(build 대상)입니다.
     1>InitializeBuildStatus:
         "Debug\(심화)p.65_4.unsuccessfulbuild"에 연결(touching)하고 있습니다.
       ClCompile:
         c:\Program Files (x86)\Microsoft Visual Studio 10.0\VC\bin\CL.exe /c /ZI /nologo /W3 /WX- /Od /Oy- /D WIN32 /D _DEBUG /D _WINDOWS /D _UNICODE /D UNICODE /Gm /EHsc /RTC1 /MDd /GS /fp:precise /Zc:wchar_t /Zc:forScope /Fo"Debug\\" /Fd"Debug\vc100.pdb" /Gd /TP /analyze- /errorReport:prompt WinProg4.cpp
         WinProg4.cpp
       ManifestResourceCompile:
         모든 출력이 최신 상태입니다.
       Link:
         c:\Program Files (x86)\Microsoft Visual Studio 10.0\VC\bin\link.exe /ERRORREPORT:PROMPT /OUT:"C:\Users\은빈\Google 드라이브\2학년 2학기\윈도우 프로그래밍\시험공부\WinProg_제1장\Debug\(심화)p.65_4.exe" /INCREMENTAL /NOLOGO kernel32.lib user32.lib gdi32.lib winspool.lib comdlg32.lib advapi32.lib shell32.lib ole32.lib oleaut32.lib uuid.lib odbc32.lib odbccp32.lib /MANIFEST /ManifestFile:"Debug\(심화)p.65_4.exe.intermediate.manifest" /MANIFESTUAC:"level='asInvoker' uiAccess='false'" /DEBUG /PDB:"C:\Users\은빈\Google 드라이브\2학년 2학기\윈도우 프로그래밍\시험공부\WinProg_제1장\Debug\(심화)p.65_4.pdb" /SUBSYSTEM:WINDOWS /TLBID:1 /DYNAMICBASE /NXCOMPAT /IMPLIB:"C:\Users\은빈\Google 드라이브\2학년 2학기\윈도우 프로그래밍\시험공부\WinProg_제1장\Debug\(심화)p.65_4.lib" /MACHINE:X86 "Debug\(심화)p.65_4.exe.embed.manifest.res"
         Debug\WinProg4.obj
       Manifest:
         C:\Program Files (x86)\Microsoft SDKs\Windows\v7.0A\bin\mt.exe /nologo /verbose /out:"Debug\(심화)p.65_4.exe.embed.manifest" /manifest "Debug\(심화)p.65_4.exe.intermediate.manifest"
         모든 출력이 최신 상태입니다.
       LinkEmbedManifest:
         모든 출력이 최신 상태입니다.
         (심화)p.65_4.vcxproj -> C:\Users\은빈\Google 드라이브\2학년 2학기\윈도우 프로그래밍\시험공부\WinProg_제1장\Debug\(심화)p.65_4.exe
       FinalizeBuildStatus:
         "Debug\(심화)p.65_4.unsuccessfulbuild" 파일을 삭제하고 있습니다.
         "Debug\(심화)p.65_4.lastbuildstate"에 연결(touching)하고 있습니다.
     1>"C:\Users\은빈\Google 드라이브\2학년 2학기\윈도우 프로그래밍\시험공부\WinProg_제1장\(심화)p.65_4\(심화)p.65_4.vcxproj" 프로젝트를 빌드했습니다(build 대상).

빌드했습니다.

경과 시간: 00:00:01.51
